4000 0.00014069999999999708
14000 0.00013920000000000252
24000 0.00013340000000000227
34000 0.0001369000000000023
44000 0.00013310000000000058
54000 0.00013799999999999923
64000 0.0001814000000000017
74000 0.00013789999999999983
84000 0.0001343999999999998
94000 0.00020900000000000085
104000 0.00013769999999999755
114000 0.00013880000000000142
124000 0.00013350000000000167
134000 0.00013789999999999636
144000 0.00013420000000000099
154000 0.00021639999999999854
164000 0.0001338999999999993
174000 0.00014009999999999717
184000 0.00013620000000000299
194000 0.00014000000000000123
204000 0.00013689999999999536
214000 0.00018069999999999892
224000 0.00024959999999999566
234000 0.00022769999999999735
244000 0.00013919999999999905
254000 0.00014310000000000017
264000 0.0001396000000000036
274000 0.00014340000000000186
284000 0.00013599999999999723
294000 0.00014020000000000005
304000 0.0001361000000000001
314000 0.00014020000000000005
324000 0.0001361000000000001
334000 0.00014020000000000005
344000 0.00027660000000000184
354000 0.00014070000000000055
364000 0.00021940000000000154
374000 0.0001416000000000056
384000 0.00017219999999999736
394000 0.00014120000000000799
404000 0.00013680000000000636
414000 0.00014300000000000423
424000 0.00013929999999999498
434000 0.00014290000000000136
444000 0.0001391000000000031
454000 0.00014290000000000136
464000 0.00014029999999999598
474000 0.00014359999999999373
484000 0.00021929999999999172
494000 0.00014320000000000999
504000 0.00013900000000000023
514000 0.0001431000000000071
524000 0.00013939999999999786
534000 0.0001431000000000071
544000 0.00013939999999999786
554000 0.00014290000000000136
564000 0.00013929999999999498
574000 0.00014290000000000136
584000 0.00013930000000000886
594000 0.0001431999999999961
604000 0.0001815000000000011
614000 0.00028670000000000084
624000 0.0002435999999999966
634000 0.00014379999999999948
644000 0.00013939999999999786
654000 0.00014340000000000186
664000 0.00014000000000000123
674000 0.00014309999999999323
684000 0.00013900000000000023
694000 0.00014299999999999036
704000 0.00013939999999999786
714000 0.00014290000000000136
724000 0.00013920000000000599
734000 0.00014329999999999898
744000 0.00014039999999999886
754000 0.0001441999999999971
764000 0.0001391000000000031
774000 0.00014340000000000186
784000 0.0001391999999999921
794000 0.00014340000000000186
804000 0.00013959999999998973
814000 0.0001436999999999966
824000 0.00013900000000000023
834000 0.0001426999999999956
844000 0.00013900000000000023
854000 0.00014300000000000423
864000 0.00013939999999999786
874000 0.00014290000000000136
884000 0.0001391999999999921
894000 0.00014329999999999898
904000 0.00013930000000000886
914000 0.0001431000000000071
924000 0.0001391999999999921
934000 0.0001432999999999851
944000 0.00013930000000000886
954000 0.00014279999999999848
964000 0.0001391000000000031
974000 0.00014320000000000999
984000 0.0001391000000000031
994000 0.00014400000000000523
