4000 0.00013220000000000245
14000 0.00012999999999999817
24000 0.0002356999999999984
34000 0.00013219999999999898
44000 0.0002048000000000015
54000 0.00013260000000000008
64000 0.0001259000000000017
74000 0.00013089999999999977
84000 0.00012760000000000202
94000 0.0001333999999999988
104000 0.00012589999999999824
114000 0.00013119999999999798
124000 0.00012560000000000002
134000 0.00013070000000000442
144000 0.00012609999999999705
154000 0.000128100000000006
164000 0.00012319999999999692
174000 0.00012790000000000024
184000 0.00012289999999999524
194000 0.00012809999999999905
204000 0.00012369999999999742
214000 0.00012890000000000124
224000 0.0001232999999999998
234000 0.00012779999999999736
244000 0.00012289999999999524
254000 0.00012779999999999736
264000 0.00012319999999999692
274000 0.00012809999999999905
284000 0.00029329999999999634
294000 0.00012819999999999498
304000 0.00021659999999999735
314000 0.0001280000000000031
324000 0.00012309999999999405
334000 0.00014460000000000167
344000 0.00012599999999999417
354000 0.00013020000000000392
364000 0.0001256000000000035
374000 0.00013319999999999999
384000 0.00012589999999999824
394000 0.00013119999999999798
404000 0.00012579999999999536
414000 0.0001527999999999946
424000 0.0001256000000000035
434000 0.00013070000000001136
444000 0.00012589999999999824
454000 0.00034059999999999646
464000 0.00012719999999999398
474000 0.00013019999999999698
484000 0.0001256000000000035
494000 0.00013029999999999986
504000 0.00012579999999999536
514000 0.00013130000000000086
524000 0.00012620000000000686
534000 0.00013040000000000274
544000 0.0001256000000000035
554000 0.00013140000000000374
564000 0.0001275000000000026
574000 0.00013080000000000036
584000 0.00012589999999999824
594000 0.00013319999999999999
604000 0.0001250000000000001
614000 0.00012969999999999648
624000 0.00012519999999999198
634000 0.00013040000000000274
644000 0.0001250000000000001
654000 0.00013380000000000336
664000 0.0001260000000000011
674000 0.00013070000000001136
684000 0.00012579999999999536
694000 0.0001310000000000061
704000 0.00012589999999999824
714000 0.0001305000000000056
724000 0.00012570000000000636
734000 0.00013169999999999848
744000 0.0001260000000000011
754000 0.0001320999999999961
764000 0.000126100000000004
774000 0.00013029999999999986
784000 0.00012569999999999248
794000 0.0001315999999999956
804000 0.00012579999999999536
814000 0.00013230000000000186
824000 0.00012589999999999824
834000 0.00013080000000000036
844000 0.0001270000000000021
854000 0.00013149999999999273
864000 0.0001260000000000011
874000 0.00013220000000001286
884000 0.0001260000000000011
894000 0.0001315000000000066
904000 0.0001256000000000035
914000 0.00013159999999998173
924000 0.0001259000000000121
934000 0.00013219999999999898
944000 0.00012619999999999298
954000 0.0001316000000000095
964000 0.0001255000000000006
974000 0.00013040000000000274
984000 0.000126000000000015
994000 0.00013099999999999223
