4000 0.00013670000000000002
14000 0.00013269999999999949
24000 0.0002469000000000013
34000 0.00013190000000000077
44000 0.00012699999999999864
54000 0.00018129999999999882
64000 0.00012689999999999924
74000 0.00013130000000000086
84000 0.00012560000000000002
94000 0.0002474000000000018
104000 0.00012869999999999895
114000 0.0001323999999999978
124000 0.0001259000000000017
134000 0.00013219999999999898
144000 0.0001263000000000028
154000 0.00013200000000000017
164000 0.0001260000000000011
174000 0.00016649999999999998
184000 0.00012639999999999874
194000 0.00013250000000000067
204000 0.00013469999999999455
214000 0.00014259999999999967
224000 0.0001343999999999998
234000 0.00014289999999999442
244000 0.00013629999999999892
254000 0.00014209999999999917
264000 0.00013549999999999673
274000 0.00014050000000000173
284000 0.00013429999999999692
294000 0.00018390000000000073
304000 0.00013470000000000149
314000 0.00014340000000000186
324000 0.00013430000000000386
334000 0.00014079999999999648
344000 0.00013420000000000099
354000 0.0001411000000000051
364000 0.0001340999999999981
374000 0.00014079999999999648
384000 0.00013470000000000149
394000 0.00014039999999999192
404000 0.00013449999999999573
414000 0.00014129999999999698
424000 0.00013489999999999336
434000 0.0001416000000000056
444000 0.00013529999999999098
454000 0.00014129999999999698
464000 0.00013399999999999523
474000 0.00014259999999999273
484000 0.00013499999999999623
494000 0.00014190000000000036
504000 0.0001346000000000125
514000 0.00014270000000000949
524000 0.00013520000000000199
534000 0.00014240000000000086
544000 0.00013449999999999573
554000 0.00014229999999999798
564000 0.00013470000000000149
574000 0.00014240000000000086
584000 0.00015090000000000936
594000 0.00014250000000000373
604000 0.0001325000000000076
614000 0.0001426000000000066
624000 0.00013539999999999386
634000 0.00014240000000000086
644000 0.00013449999999999573
654000 0.0001421999999999951
664000 0.00013430000000000386
674000 0.00014109999999999123
684000 0.0001345999999999986
694000 0.00019199999999999773
704000 0.0001355999999999996
714000 0.0001416999999999946
724000 0.0001355000000000106
734000 0.0001431000000000071
744000 0.00013539999999999386
754000 0.00017889999999999573
764000 0.0001345000000000096
774000 0.00014150000000000273
784000 0.00013470000000000149
794000 0.00018030000000000823
804000 0.00013489999999999336
814000 0.00014070000000000749
824000 0.00013470000000000149
834000 0.00014090000000001324
844000 0.00013629999999999198
854000 0.00014179999999999748
864000 0.00013679999999999248
874000 0.0001416999999999946
884000 0.0001386999999999916
894000 0.00014220000000000899
904000 0.0001350999999999991
914000 0.00014170000000000849
924000 0.00013449999999999573
934000 0.00014150000000000273
944000 0.00013480000000001824
954000 0.00014039999999998498
964000 0.00013399999999999523
974000 0.0001411000000000051
984000 0.0001340999999999981
994000 0.0001406999999999936
