0 0
0.0 0
0.0020062923431396484 10000
0.004023313522338867 20000
0.0069773197174072266 30000
0.008006811141967773 40000
0.009004831314086914 50000
0.010998010635375977 60000
0.011996746063232422 70000
0.012992382049560547 80000
0.014990091323852539 90000
0.016955137252807617 100000
0.01797938346862793 110000
0.01997661590576172 120000
0.020974159240722656 130000
0.022971630096435547 140000
0.02396535873413086 150000
0.02596259117126465 160000
0.026950597763061523 170000
0.028949975967407227 180000
0.029915571212768555 190000
0.03194403648376465 200000
0.033905029296875 210000
0.034935951232910156 220000
0.03693079948425293 230000
0.03792858123779297 240000
0.038926124572753906 250000
0.04092001914978027 260000
0.04188871383666992 270000
0.04391217231750488 280000
0.04490828514099121 290000
0.046907663345336914 300000
0.047902822494506836 310000
0.04889798164367676 320000
0.05185651779174805 330000
0.05289101600646973 340000
0.05388236045837402 350000
0.055880069732666016 360000
0.05687689781188965 370000
0.058870792388916016 380000
0.059868574142456055 390000
0.06086897850036621 400000
0.06286382675170898 410000
0.06485581398010254 420000
0.06585192680358887 430000
0.06684756278991699 440000
0.06884503364562988 450000
0.0698397159576416 460000
0.07183623313903809 470000
0.07283496856689453 480000
0.0748286247253418 490000
0.07582616806030273 500000
0.07682132720947266 510000
0.07882142066955566 520000
0.08081769943237305 530000
0.08180952072143555 540000
0.08380675315856934 550000
0.08480048179626465 560000
0.08579874038696289 570000
0.08779692649841309 580000
0.08979177474975586 590000
0.09078383445739746 600000
0.09278345108032227 610000
0.09378266334533691 620000
0.09477639198303223 630000
0.09577059745788574 640000
0.09776926040649414 650000
0.09976434707641602 660000
0.10075712203979492 670000
0.10275936126708984 680000
0.10375332832336426 690000
0.10475277900695801 700000
0.10674500465393066 710000
0.1077430248260498 720000
0.10873603820800781 730000
0.10973429679870605 740000
0.11273336410522461 750000
0.11372685432434082 760000
0.11472368240356445 770000
0.11671757698059082 780000
0.11771464347839355 790000
0.1187124252319336 800000
0.12070631980895996 810000
0.1217038631439209 820000
0.12269830703735352 830000
0.12569761276245117 840000
0.12669134140014648 850000
0.12865090370178223 860000
0.12964797019958496 870000
0.1306455135345459 880000
0.13263988494873047 890000
0.1336371898651123 900000
0.13463473320007324 910000
0.13563203811645508 920000
0.13762688636779785 930000
0.13962125778198242 940000
0.1416161060333252 950000
0.14261341094970703 960000
0.1446080207824707 970000
0.14560532569885254 980000
0.14660286903381348 990000
0.14859747886657715 1000000
0.14959478378295898 1010000
0.15059185028076172 1020000
0.15158939361572266 1030000
0.15358400344848633 1040000
0.15458154678344727 1050000
0.15757322311401367 1060000
0.1585707664489746 1070000
0.16056537628173828 1080000
0.16156291961669922 1090000
0.16255998611450195 1100000
0.16455483436584473 1110000
0.16555213928222656 1120000
0.1665494441986084 1130000
0.16854381561279297 1140000
0.1695413589477539 1150000
0.17053866386413574 1160000
0.17153596878051758 1170000
0.17353081703186035 1180000
0.17652297019958496 1190000
0.17852568626403809 1200000
0.1805119514465332 1210000
0.18151116371154785 1220000
0.1835041046142578 1230000
0.18450140953063965 1240000
0.18549871444702148 1250000
0.18749332427978516 1260000
0.188490629196167 1270000
0.18948817253112793 1280000
0.1914827823638916 1290000
0.19347739219665527 1300000
0.1944746971130371 1310000
0.19547200202941895 1320000
0.19646954536437988 1330000
0.20045900344848633 1340000
0.20145606994628906 1350000
0.2024533748626709 1360000
0.20444798469543457 1370000
0.2054452896118164 1380000
0.20644259452819824 1390000
0.20843744277954102 1400000
0.20943474769592285 1410000
0.21043181419372559 1420000
0.21242666244506836 1430000
0.2134239673614502 1440000
0.21442151069641113 1450000
0.2164158821105957 1460000
0.21741318702697754 1470000
0.21841073036193848 1480000
0.22040534019470215 1490000
0.22140288352966309 1500000
0.22539210319519043 1510000
0.22638916969299316 1520000
0.227386474609375 1530000
0.22938132286071777 1540000
0.2303786277770996 1550000
0.23137569427490234 1560000
0.23337054252624512 1570000
0.23436784744262695 1580000
0.2353653907775879 1590000
0.23735976219177246 1600000
0.2383575439453125 1610000
0.24039196968078613 1620000
0.24138689041137695 1630000
0.24338364601135254 1640000
0.24438023567199707 1650000
0.2453775405883789 1660000
0.24737000465393066 1670000
0.24836945533752441 1680000
0.2493610382080078 1690000
0.2533586025238037 1700000
0.2553441524505615 1710000
0.25634288787841797 1720000
0.25833940505981445 1730000
0.25934553146362305 1740000
0.2603309154510498 1750000
0.26132774353027344 1760000
0.2633240222930908 1770000
0.26432180404663086 1780000
0.26631593704223633 1790000
0.26731348037719727 1800000
0.2683086395263672 1810000
0.26930665969848633 1820000
0.2713170051574707 1830000
0.2732975482940674 1840000
0.2742948532104492 1850000
0.27529335021972656 1860000
0.2762887477874756 1870000
0.2782866954803467 1880000
0.2792794704437256 1890000
0.28027915954589844 1900000
0.28426146507263184 1910000
0.2862660884857178 1920000
0.28726744651794434 1930000
0.28925490379333496 1940000
0.2902500629425049 1950000
0.29125046730041504 1960000
0.2932426929473877 1970000
0.29424381256103516 1980000
0.29523730278015137 1990000
0.29723262786865234 2000000
0.2982292175292969 2010000
0.2992286682128906 2020000
0.30022358894348145 2030000
0.30222249031066895 2040000
0.30321717262268066 2050000
0.3052074909210205 2060000
0.30620431900024414 2070000
0.3072071075439453 2080000
0.3092007637023926 2090000
0.31020236015319824 2100000
0.31119418144226074 2110000
0.3131895065307617 2120000
0.31418585777282715 2130000
0.3151857852935791 2140000
0.3201725482940674 2150000
0.3211679458618164 2160000
0.3231644630432129 2170000
0.3241615295410156 2180000
0.32515668869018555 2190000
0.3271517753601074 2200000
0.32815098762512207 2210000
0.3301382064819336 2220000
0.3311429023742676 2230000
0.33313608169555664 2240000
0.334136962890625 2250000
0.33612966537475586 2260000
0.3371248245239258 2270000
0.3391227722167969 2280000
0.340118408203125 2290000
0.34111475944519043 2300000
0.3431100845336914 2310000
0.34410929679870605 2320000
0.3451054096221924 2330000
0.34710216522216797 2340000
0.3480956554412842 2350000
0.3491034507751465 2360000
0.3510575294494629 2370000
0.3520543575286865 2380000
0.35305190086364746 2390000
0.35504651069641113 2400000
0.3590357303619385 2410000
0.3600332736968994 2420000
0.362027645111084 2430000
0.3630251884460449 2440000
0.36402249336242676 2450000
0.36601710319519043 2460000
0.36702609062194824 2470000
0.36900901794433594 2480000
0.3700065612792969 2490000
0.3710038661956787 2500000
0.37200117111206055 2510000
0.3739957809448242 2520000
0.37499332427978516 2530000
0.3759903907775879 2540000
0.37798500061035156 2550000
0.3789823055267334 2560000
0.37997961044311523 2570000
0.38097715377807617 2580000
0.38297176361083984 2590000
0.3849663734436035 2600000
0.38596367835998535 2610000
0.3869609832763672 2620000
0.387958288192749 2630000
0.3899531364440918 2640000
0.39095044136047363 2650000
0.39194774627685547 2660000
0.39394235610961914 2670000
0.3949398994445801 2680000
0.3959372043609619 2690000
0.3979318141937256 2700000
0.40291857719421387 2710000
0.4039156436920166 2720000
0.40491318702697754 2730000
0.4069077968597412 2740000
0.40790510177612305 2750000
0.408902645111084 2760000
0.41089701652526855 2770000
0.4118945598602295 2780000
0.41289186477661133 2790000
0.414886474609375 2800000
0.41588377952575684 2810000
0.4178781509399414 2820000
0.41887593269348145 2830000
0.4198732376098633 2840000
0.42186784744262695 2850000
0.4228653907775879 2860000
0.4238624572753906 2870000
0.4258570671081543 2880000
0.42685437202453613 2890000
0.4288489818572998 2900000
0.42984676361083984 2910000
0.4308440685272217 2920000
0.43283843994140625 2930000
0.4338357448577881 2940000
0.4348330497741699 2950000
0.4368278980255127 2960000
0.43782520294189453 2970000
0.43882250785827637 2980000
0.44081711769104004 2990000
0.4418144226074219 3000000
0.44380927085876465 3010000
0.4448065757751465 3020000
0.4458038806915283 3030000
0.447798490524292 3040000
0.4527852535247803 3050000
0.45477962493896484 3060000
0.4557769298553467 3070000
0.4567742347717285 3080000
0.4587690830230713 3090000
0.4597663879394531 3100000
0.46076393127441406 3110000
0.4627571105957031 3120000
0.46375441551208496 3130000
0.46574902534484863 3140000
0.46674633026123047 3150000
0.4677436351776123 3160000
0.4697384834289551 3170000
0.4707357883453369 3180000
0.47173285484313965 3190000
0.4737277030944824 3200000
0.47472500801086426 3210000
0.4757223129272461 3220000
0.47771692276000977 3230000
0.4787142276763916 3240000
0.4807090759277344 3250000
0.4817063808441162 3260000
0.48270368576049805 3270000
0.4846982955932617 3280000
0.48569560050964355 3290000
0.4866931438446045 3300000
0.48868775367736816 3310000
0.4896848201751709 3320000
0.49167966842651367 3330000
0.4926769733428955 3340000
0.49367451667785645 3350000
0.495668888092041 3360000
0.49666619300842285 3370000
0.4986610412597656 3380000
0.49965834617614746 3390000
0.5006558895111084 3400000
0.502650260925293 3410000
0.5036475658416748 3420000
0.5106289386749268 3430000
0.5116264820098877 3440000
0.5136208534240723 3450000
0.5146186351776123 3460000
0.515615701675415 3470000
0.5176103115081787 3480000
0.5186076164245605 3490000
0.5196049213409424 3500000
0.5215997695922852 3510000
0.522597074508667 3520000
0.5245916843414307 3530000
0.5255889892578125 3540000
0.5265862941741943 3550000
0.5285811424255371 3560000
0.529578447341919 3570000
0.5315728187561035 3580000
0.5325706005096436 3590000
0.5335676670074463 3600000
0.5355625152587891 3610000
0.5365595817565918 3620000
0.5375568866729736 3630000
0.5395517349243164 3640000
0.5405490398406982 3650000
0.5425436496734619 3660000
0.5435409545898438 3670000
0.5445382595062256 3680000
0.5465331077575684 3690000
0.5475304126739502 3700000
0.5485274791717529 3710000
0.5505223274230957 3720000
0.5515196323394775 3730000
0.5535144805908203 3740000
0.5545117855072021 3750000
0.5555088520050049 3760000
0.5575037002563477 3770000
0.5585010051727295 3780000
0.5604956150054932 3790000
0.561492919921875 3800000
0.5624902248382568 3810000
0.5644850730895996 3820000
0.5654821395874023 3830000
0.5674769878387451 3840000
0.568474292755127 3850000
0.5754828453063965 3860000
0.5774867534637451 3870000
0.5784821510314941 3880000
0.5794763565063477 3890000
0.5804758071899414 3900000
0.5824697017669678 3910000
0.583472728729248 3920000
0.5844631195068359 3930000
0.5864617824554443 3940000
0.5874555110931396 3950000
0.5894572734832764 3960000
0.5904507637023926 3970000
0.591447114944458 3980000
0.5934476852416992 3990000
0.5944392681121826 4000000
0.5954337120056152 4010000
0.5974349975585938 4020000
0.5984289646148682 4030000
0.5994257926940918 4040000
0.6004254817962646 4050000
0.6024179458618164 4060000
0.6034142971038818 4070000
0.605412483215332 4080000
0.6064002513885498 4090000
0.6083943843841553 4100000
0.6093969345092773 4110000
0.6103966236114502 4120000
0.612389326095581 4130000
0.6133899688720703 4140000
0.6143841743469238 4150000
0.6153826713562012 4160000
0.6173808574676514 4170000
0.6183750629425049 4180000
0.6203811168670654 4190000
0.6223623752593994 4200000
0.6233611106872559 4210000
0.6243569850921631 4220000
0.6263532638549805 4230000
0.6273488998413086 4240000
0.6283483505249023 4250000
0.6293468475341797 4260000
0.631340742111206 4270000
0.632335901260376 4280000
0.6333324909210205 4290000
0.6353271007537842 4300000
0.636293888092041 4310000
0.6383142471313477 4320000
0.6393117904663086 4330000
0.6403141021728516 4340000
0.6482944488525391 4350000
0.6492898464202881 4360000
0.65028977394104 4370000
0.6522765159606934 4380000
0.6542770862579346 4390000
0.6552762985229492 4400000
0.6562707424163818 4410000
0.6582684516906738 4420000
0.659264087677002 4430000
0.6602621078491211 4440000
0.6622555255889893 4450000
0.6632554531097412 4460000
0.664250373840332 4470000
0.6652481555938721 4480000
0.6672422885894775 4490000
0.6692407131195068 4500000
0.670233964920044 4510000
0.6712336540222168 4520000
0.6732261180877686 4530000
0.6742265224456787 4540000
0.6752223968505859 4550000
0.6762192249298096 4560000
0.6782147884368896 4570000
0.6792116165161133 4580000
0.6802074909210205 4590000
0.6822042465209961 4600000
0.6832008361816406 4610000
0.6851973533630371 4620000
0.6861927509307861 4630000
0.6871907711029053 4640000
0.6891846656799316 4650000
0.6901862621307373 4660000
0.6911780834197998 4670000
0.6931777000427246 4680000
0.6941714286804199 4690000
0.6951694488525391 4700000
0.6971681118011475 4710000
0.6981616020202637 4720000
0.7001233100891113 4730000
0.7011566162109375 4740000
0.7021503448486328 4750000
0.7041466236114502 4760000
0.705146312713623 4770000
0.7061417102813721 4780000
0.7081398963928223 4790000
0.7091386318206787 4800000
0.7101273536682129 4810000
0.712127685546875 4820000
0.7131228446960449 4830000
0.7141201496124268 4840000
0.7171049118041992 4850000
0.7181065082550049 4860000
0.7191076278686523 4870000
0.720102071762085 4880000
0.7290768623352051 4890000
0.7310397624969482 4900000
0.732036828994751 4910000
0.7330341339111328 4920000
0.7350625991821289 4930000
0.7360579967498779 4940000
0.7370545864105225 4950000
0.7380547523498535 4960000
0.7400467395782471 4970000
0.7410480976104736 4980000
0.7420454025268555 4990000
0.744037389755249 5000000
0.7450342178344727 5010000
0.7460348606109619 5020000
0.7480297088623047 5030000
0.7490234375 5040000
0.7500205039978027 5050000
0.7520160675048828 5060000
0.7530124187469482 5070000
0.754011869430542 5080000
0.7560043334960938 5090000
0.7570054531097412 5100000
0.7579987049102783 5110000
0.7599937915802002 5120000
0.7609913349151611 5130000
0.761991024017334 5140000
0.7639832496643066 5150000
0.7649838924407959 5160000
0.7659776210784912 5170000
0.7679729461669922 5180000
0.7689697742462158 5190000
0.7699692249298096 5200000
0.7719619274139404 5210000
0.7729628086090088 5220000
0.7739572525024414 5230000
0.775951623916626 5240000
0.7779552936553955 5250000
0.7789433002471924 5260000
0.779940128326416 5270000
0.7819387912750244 5280000
0.7829403877258301 5290000
0.7839295864105225 5300000
0.78592848777771 5310000
0.7869260311126709 5320000
0.787919282913208 5330000
0.7899177074432373 5340000
0.7909181118011475 5350000
0.7928757667541504 5360000
0.7938728332519531 5370000
0.7948703765869141 5380000
0.7968645095825195 5390000
0.7978925704956055 5400000
0.7988922595977783 5410000
0.8008899688720703 5420000
0.8018841743469238 5430000
0.8028788566589355 5440000
0.804884672164917 5450000
0.8058717250823975 5460000
0.8078694343566895 5470000
0.8088634014129639 5480000
0.809863805770874 5490000
0.819849967956543 5500000
0.8218228816986084 5510000
0.8228201866149902 5520000
0.8247900009155273 5530000
0.8268153667449951 5540000
0.8278131484985352 5550000
0.8288133144378662 5560000
0.8298075199127197 5570000
0.8318018913269043 5580000
0.8328003883361816 5590000
0.8347935676574707 5600000
0.8357911109924316 5610000
0.8367922306060791 5620000
0.83878493309021 5630000
0.8397800922393799 5640000
0.8417699337005615 5650000
0.8427667617797852 5660000
0.8437702655792236 5670000
0.8457694053649902 5680000
0.8467648029327393 5690000
0.8477592468261719 5700000
0.8497557640075684 5710000
0.850752592086792 5720000
0.8517482280731201 5730000
0.8537447452545166 5740000
0.8547484874725342 5750000
0.8557376861572266 5760000
0.8577399253845215 5770000
0.858738899230957 5780000
0.8597276210784912 5790000
0.861732006072998 5800000
0.8627262115478516 5810000
0.8637166023254395 5820000
0.8657147884368896 5830000
0.8667089939117432 5840000
0.8687105178833008 5850000
0.8697032928466797 5860000
0.8707001209259033 5870000
0.8726963996887207 5880000
0.8736944198608398 5890000
0.8746869564056396 5900000
0.8766894340515137 5910000
0.877683162689209 5920000
0.878678560256958 5930000
0.8806760311126709 5940000
0.8816723823547363 5950000
0.8826653957366943 5960000
0.8846681118011475 5970000
0.8856661319732666 5980000
0.8866572380065918 5990000
0.8886189460754395 6000000
0.8896491527557373 6010000
0.8916492462158203 6020000
0.8926501274108887 6030000
0.893639326095581 6040000
0.895634651184082 6050000
0.8966410160064697 6060000
0.8976278305053711 6070000
0.8996224403381348 6080000
0.9006252288818359 6090000
0.9016151428222656 6100000
0.9036169052124023 6110000
0.9046027660369873 6120000
0.9056074619293213 6130000
0.9076063632965088 6140000
0.908599853515625 6150000
0.910602331161499 6160000
0.911595344543457 6170000
0.912585973739624 6180000
0.9235677719116211 6190000
0.9245572090148926 6200000
0.9265508651733398 6210000
0.9275491237640381 6220000
0.92854905128479 6230000
0.9305391311645508 6240000
0.9315366744995117 6250000
0.932546854019165 6260000
0.9335296154022217 6270000
0.9355266094207764 6280000
0.9365265369415283 6290000
0.9375209808349609 6300000
0.9395153522491455 6310000
0.9405159950256348 6320000
0.9415080547332764 6330000
0.9435045719146729 6340000
0.9445021152496338 6350000
0.9454998970031738 6360000
0.9474995136260986 6370000
0.9484951496124268 6380000
0.9494869709014893 6390000
0.9514865875244141 6400000
0.95249342918396 6410000
0.9534788131713867 6420000
0.9554781913757324 6430000
0.9564790725708008 6440000
0.9574658870697021 6450000
0.959465503692627 6460000
0.9604625701904297 6470000
0.9614579677581787 6480000
0.9634571075439453 6490000
0.9644520282745361 6500000
0.9654443264007568 6510000
0.9674465656280518 6520000
0.9684441089630127 6530000
0.9704346656799316 6540000
0.9714322090148926 6550000
0.9724292755126953 6560000
0.9744272232055664 6570000
0.9754226207733154 6580000
0.976414680480957 6590000
0.9784173965454102 6600000
0.9794106483459473 6610000
0.98040771484375 6620000
0.9824059009552002 6630000
0.9834005832672119 6640000
0.9843621253967285 6650000
0.9863564968109131 6660000
0.9873538017272949 6670000
0.989349365234375 6680000
0.9903459548950195 6690000
0.9913437366485596 6700000
0.9933383464813232 6710000
0.9943356513977051 6720000
0.9953329563140869 6730000
0.9973592758178711 6740000
0.9983584880828857 6750000
1.0003504753112793 6760000
1.0013508796691895 6770000
1.0023455619812012 6780000
1.0043439865112305 6790000
1.0053374767303467 6800000
1.0063376426696777 6810000
1.0083293914794922 6820000
1.0093357563018799 6830000
1.0103240013122559 6840000
1.0123226642608643 6850000
1.0133178234100342 6860000
1.0143170356750488 6870000
1.0162765979766846 6880000
1.0173077583312988 6890000
1.0183029174804688 6900000
1.020301342010498 6910000
1.0212948322296143 6920000
1.0222947597503662 6930000
1.0242903232574463 6940000
1.0252869129180908 6950000
1.0382516384124756 6960000
1.0392467975616455 6970000
1.0402441024780273 6980000
1.0412442684173584 6990000
1.0432372093200684 7000000
1.0442368984222412 7010000
1.0452311038970947 7020000
1.0472266674041748 7030000
1.0482242107391357 7040000
1.0502173900604248 7050000
1.0512146949768066 7060000
1.0522162914276123 7070000
1.053210735321045 7080000
1.0552070140838623 7090000
1.0562019348144531 7100000
1.0572011470794678 7110000
1.0592007637023926 7120000
1.0601975917816162 7130000
1.061187982559204 7140000
1.063187599182129 7150000
1.064183235168457 7160000
1.0651798248291016 7170000
1.067173719406128 7180000
1.0681731700897217 7190000
1.0701663494110107 7200000
1.0711612701416016 7210000
1.0721607208251953 7220000
1.0741617679595947 7230000
1.0751581192016602 7240000
1.0761518478393555 7250000
1.078150749206543 7260000
1.0791442394256592 7270000
1.0811405181884766 7280000
1.082137107849121 7290000
1.0831313133239746 7300000
1.0851280689239502 7310000
1.0861296653747559 7320000
1.0871188640594482 7330000
1.0891227722167969 7340000
1.0901145935058594 7350000
1.0911083221435547 7360000
1.0931100845336914 7370000
1.094104290008545 7380000
1.0960993766784668 7390000
1.097099781036377 7400000
1.0980908870697021 7410000
1.1000893115997314 7420000
1.101085901260376 7430000
1.102081298828125 7440000
1.1040751934051514 7450000
1.1050746440887451 7460000
1.1060686111450195 7470000
1.1080756187438965 7480000
1.1090619564056396 7490000
1.1100599765777588 7500000
1.1120705604553223 7510000
1.1130576133728027 7520000
1.114046573638916 7530000
1.116046667098999 7540000
1.1170382499694824 7550000
1.119042158126831 7560000
1.120032787322998 7570000
1.1210310459136963 7580000
1.123030185699463 7590000
1.1240253448486328 7600000
1.1250178813934326 7610000
1.1270265579223633 7620000
1.1280162334442139 7630000
1.1290087699890137 7640000
1.1310014724731445 7650000
1.132002830505371 7660000
1.1329960823059082 7670000
1.1349904537200928 7680000
1.1359891891479492 7690000
1.1369884014129639 7700000
1.1379828453063965 7710000
1.1399810314178467 7720000
1.1409742832183838 7730000
1.1419744491577148 7740000
1.1439359188079834 7750000
1.1459581851959229 7760000
1.146951675415039 7770000
1.1479523181915283 7780000
1.149958610534668 7790000
1.150951862335205 7800000
1.1519458293914795 7810000
1.1539433002471924 7820000
1.1669049263000488 7830000
1.16890287399292 7840000
1.1698970794677734 7850000
1.1708946228027344 7860000
1.172888994216919 7870000
1.1738886833190918 7880000
1.175894021987915 7890000
1.1768808364868164 7900000
1.1778759956359863 7910000
1.1798760890960693 7920000
1.1808717250823975 7930000
1.1818673610687256 7940000
1.1838598251342773 7950000
1.1848599910736084 7960000
1.185854434967041 7970000
1.1878530979156494 7980000
1.188847541809082 7990000
1.1898462772369385 8000000
1.1918087005615234 8010000
1.1938331127166748 8020000
1.194831132888794 8030000
1.1958320140838623 8040000
1.1978247165679932 8050000
1.1988201141357422 8060000
1.199817180633545 8070000
1.2008235454559326 8080000
1.2028090953826904 8090000
1.2038099765777588 8100000
1.204803705215454 8110000
1.2067985534667969 8120000
1.2087953090667725 8130000
1.2097902297973633 8140000
1.2107877731323242 8150000
1.2117886543273926 8160000
1.2137823104858398 8170000
1.2147822380065918 8180000
1.2157750129699707 8190000
1.2177705764770508 8200000
1.2187743186950684 8210000
1.2197675704956055 8220000
1.221761703491211 8230000
1.2227566242218018 8240000
1.223757266998291 8250000
1.2257483005523682 8260000
1.2267496585845947 8270000
1.2277462482452393 8280000
1.2297399044036865 8290000
1.230738639831543 8300000
1.2317323684692383 8310000
1.2337307929992676 8320000
1.234724760055542 8330000
1.2357251644134521 8340000
1.2377188205718994 8350000
1.2387173175811768 8360000
1.240710735321045 8370000
1.2417094707489014 8380000
1.2427022457122803 8390000
1.2437033653259277 8400000
1.245697021484375 8410000
1.2466936111450195 8420000
1.2476890087127686 8430000
1.2486891746520996 8440000
1.250683307647705 8450000
1.2516827583312988 8460000
1.2526805400848389 8470000
1.2546725273132324 8480000
1.2566673755645752 8490000
1.2576632499694824 8500000
1.2596626281738281 8510000
1.260655403137207 8520000
1.2616539001464844 8530000
1.2636466026306152 8540000
1.2646470069885254 8550000
1.265641450881958 8560000
1.2666385173797607 8570000
1.2686336040496826 8580000
1.270596981048584 8590000
1.27162504196167 8600000
1.2726242542266846 8610000
1.2746171951293945 8620000
1.275618314743042 8630000
1.2766125202178955 8640000
1.2786064147949219 8650000
1.2796037197113037 8660000
1.2806034088134766 8670000
1.2825958728790283 8680000
1.283599615097046 8690000
1.2845900058746338 8700000
1.2865900993347168 8710000
1.2875878810882568 8720000
1.2885823249816895 8730000
1.2905819416046143 8740000
1.2915806770324707 8750000
1.2925689220428467 8760000
1.2945713996887207 8770000
1.2955660820007324 8780000
1.2965621948242188 8790000
1.3135075569152832 8800000
1.315502405166626 8810000
1.3165061473846436 8820000
1.318471908569336 8830000
1.320490837097168 8840000
1.3224577903747559 8850000
1.3234810829162598 8860000
1.3244524002075195 8870000
1.326446771621704 8880000
1.327444076538086 8890000
1.3294389247894287 8900000
1.3304686546325684 8910000
1.3314688205718994 8920000
1.3334629535675049 8930000
1.3344628810882568 8940000
1.3354547023773193 8950000
1.3374545574188232 8960000
1.338454008102417 8970000
1.3394477367401123 8980000
1.3414459228515625 8990000
1.3424370288848877 9000000
1.3444387912750244 9010000
1.34544038772583 9020000
1.3464252948760986 9030000
1.3484282493591309 9040000
1.3494248390197754 9050000
1.3504149913787842 9060000
1.3524153232574463 9070000
1.3534069061279297 9080000
1.355412244796753 9090000
1.3564062118530273 9100000
1.357398509979248 9110000
1.3593981266021729 9120000
1.3603909015655518 9130000
1.3623900413513184 9140000
1.3633909225463867 9150000
1.364377737045288 9160000
1.3663794994354248 9170000
1.3673691749572754 9180000
1.3693714141845703 9190000
1.3703687191009521 9200000
1.3713622093200684 9210000
1.3733611106872559 9220000
1.374358892440796 9230000
1.3763530254364014 9240000
1.377349853515625 9250000
1.3783400058746338 9260000
1.380342721939087 9270000
1.3813295364379883 9280000
1.3833348751068115 9290000
1.3843262195587158 9300000
1.3853211402893066 9310000
1.387326955795288 9320000
1.3883137702941895 9330000
1.390315294265747 9340000
1.391312599182129 9350000
1.3973002433776855 9360000
1.3982865810394287 9370000
1.4002861976623535 9380000
1.4012830257415771 9390000
1.4022760391235352 9400000
1.4042787551879883 9410000
1.4052753448486328 9420000
1.4062654972076416 9430000
1.4082677364349365 9440000
1.4092645645141602 9450000
1.4102544784545898 9460000
1.4122567176818848 9470000
1.4132492542266846 9480000
1.4152491092681885 9490000
1.4162461757659912 9500000
1.417236328125 9510000
1.4192414283752441 9520000
1.4202277660369873 9530000
1.4222309589385986 9540000
1.423227310180664 9550000
1.4242208003997803 9560000
1.4262192249298096 9570000
1.427220106124878 9580000
1.428206205368042 9590000
1.4302096366882324 9600000
1.4311985969543457 9610000
1.4332010746002197 9620000
1.4341979026794434 9630000
1.436192512512207 9640000
1.4371898174285889 9650000
1.4381802082061768 9660000
1.4401826858520508 9670000
1.4411795139312744 9680000
1.4431777000427246 9690000
1.4441869258880615 9700000
1.4451303482055664 9710000
1.447164535522461 9720000
1.4481618404388428 9730000
1.4491512775421143 9740000
1.4511561393737793 9750000
1.452143907546997 9760000
1.4541435241699219 9770000
1.4551424980163574 9780000
1.45613431930542 9790000
1.4581339359283447 9800000
1.4591302871704102 9810000
1.4610881805419922 9820000
1.462085247039795 9830000
1.4630823135375977 9840000
1.4650774002075195 9850000
1.4660744667053223 9860000
1.4670720100402832 9870000
1.468069314956665 9880000
1.4700636863708496 9890000
1.4880163669586182 9900000
1.489013433456421 9910000
1.4900104999542236 9920000
1.4920053482055664 9930000
1.4930024147033691 9940000
1.494997262954712 9950000
1.4959943294525146 9960000
1.4969918727874756 9970000
1.4989867210388184 9980000
1.499983787536621 9990000
