1000 2.109999999999959e-05
11000 0.00010970000000000077
21000 0.00018829999999999888
31000 0.000270900000000001
41000 0.0003040000000000022
51000 0.0003936000000000009
61000 0.00045730000000000076
71000 0.0006138000000000012
81000 0.000797100000000002
91000 0.0009680999999999995
101000 0.001148299999999998
111000 0.0012686999999999976
121000 0.0014143999999999962
131000 0.0013917000000000027
141000 0.0014389999999999958
151000 0.0014069000000000026
161000 0.0015048999999999965
171000 0.001511599999999995
181000 0.001541600000000004
191000 0.0017088999999999993
201000 0.0017880000000000049
211000 0.0018680000000000085
221000 0.0018357999999999985
231000 0.0019565
241000 0.0029444
251000 0.0021031999999999995
261000 0.00221579999999999
271000 0.0022447000000000022
281000 0.00268560000000001
291000 0.0031019999999999937
301000 0.0024935999999999986
311000 0.002687800000000004
321000 0.0026641000000000026
331000 0.0040262000000000076
341000 0.003480900000000009
351000 0.003277000000000002
361000 0.0031250000000000028
371000 0.003476900000000005
381000 0.003154199999999996
391000 0.0032370999999999928
401000 0.01202700000000001
411000 0.012033199999999994
421000 0.012863600000000003
431000 0.013732299999999975
441000 0.013812500000000005
451000 0.014840400000000004
461000 0.014879199999999981
471000 0.015718800000000005
481000 0.01595810000000003
491000 0.016219099999999986
