1000 8.29999999999928e-06
11000 7.500000000000562e-06
21000 7.400000000001156e-06
31000 7.400000000001156e-06
41000 7.400000000001156e-06
51000 7.3000000000017495e-06
61000 7.3000000000017495e-06
71000 2.839999999999787e-05
81000 7.900000000001656e-06
91000 7.399999999997686e-06
101000 7.400000000001156e-06
111000 7.400000000001156e-06
121000 7.400000000001156e-06
131000 7.499999999993623e-06
141000 8.000000000001062e-06
151000 7.3000000000017495e-06
161000 7.3000000000017495e-06
171000 7.200000000005813e-06
181000 7.399999999997686e-06
191000 7.3000000000017495e-06
201000 7.199999999998874e-06
211000 7.399999999997686e-06
221000 7.199999999998874e-06
231000 9.399999999999686e-06
241000 8.899999999999186e-06
251000 8.600000000004437e-06
261000 8.999999999995123e-06
271000 8.700000000000374e-06
281000 8.599999999997499e-06
291000 9.200000000000874e-06
301000 8.700000000000374e-06
311000 8.500000000001562e-06
321000 8.600000000004437e-06
331000 8.899999999999186e-06
341000 8.80000000000325e-06
351000 8.600000000004437e-06
361000 8.000000000001062e-06
371000 7.79999999999531e-06
381000 7.900000000005125e-06
391000 7.699999999999374e-06
401000 7.099999999995998e-06
411000 7.099999999995998e-06
421000 3.9600000000000746e-05
431000 7.299999999987872e-06
441000 7.199999999998874e-06
451000 7.100000000009876e-06
461000 7.199999999998874e-06
471000 7.3000000000017495e-06
481000 7.3000000000017495e-06
491000 7.199999999998874e-06
