1000 1.6300000000000342e-05
11000 0.00011730000000000074
21000 0.00026149999999999785
31000 0.0003171000000000007
41000 0.0006011999999999997
51000 0.0008402999999999987
61000 0.0010323999999999993
71000 0.0013118000000000019
81000 0.0014048999999999971
91000 0.0015644999999999964
101000 0.0018441999999999972
111000 0.0019539999999999974
121000 0.0020980000000000026
131000 0.0031896999999999967
141000 0.0027393
151000 0.0027205000000000007
161000 0.0027825000000000003
171000 0.003038199999999998
181000 0.0031366999999999923
191000 0.0036921999999999927
201000 0.011665600000000012
211000 0.01245460000000001
221000 0.012869599999999995
231000 0.01372559999999999
241000 0.013965299999999986
251000 0.014282800000000012
261000 0.014800499999999994
271000 0.015475299999999997
281000 0.01634160000000001
291000 0.017822699999999997
301000 0.018720299999999995
311000 0.017840200000000028
321000 0.018903500000000018
331000 0.019305399999999973
341000 0.02090719999999996
351000 0.02079179999999997
361000 0.022728599999999988
371000 0.0224549
381000 0.021708400000000017
391000 0.023010599999999992
401000 0.022591399999999984
411000 0.02327429999999997
421000 0.026453199999999955
431000 0.024826800000000038
441000 0.02667429999999993
451000 0.027374600000000027
461000 0.027563000000000004
471000 0.027339200000000008
481000 0.02778400000000003
491000 0.0293196
